{
  message: 'Application Error Not allowed by CORS',
  stack: 'Error: Not allowed by CORS\n' +
    '    at origin (C:\\Users\\Sahil\\Documents\\career-disha-backend\\src\\middlewares\\security.js:97:14)\n' +
    '    at C:\\Users\\Sahil\\Documents\\career-disha-backend\\node_modules\\cors\\lib\\index.js:219:13\n' +
    '    at optionsCallback (C:\\Users\\Sahil\\Documents\\career-disha-backend\\node_modules\\cors\\lib\\index.js:199:9)\n' +
    '    at corsMiddleware (C:\\Users\\Sahil\\Documents\\career-disha-backend\\node_modules\\cors\\lib\\index.js:204:7)\n' +
    '    at Layer.handleRequest (C:\\Users\\Sahil\\Documents\\career-disha-backend\\node_modules\\router\\lib\\layer.js:152:17)\n' +
    '    at trimPrefix (C:\\Users\\Sahil\\Documents\\career-disha-backend\\node_modules\\router\\index.js:342:13)\n' +
    '    at C:\\Users\\Sahil\\Documents\\career-disha-backend\\node_modules\\router\\index.js:297:9\n' +
    '    at processParams (C:\\Users\\Sahil\\Documents\\career-disha-backend\\node_modules\\router\\index.js:582:12)\n' +
    '    at next (C:\\Users\\Sahil\\Documents\\career-disha-backend\\node_modules\\router\\index.js:291:5)\n' +
    '    at internalNext (C:\\Users\\Sahil\\Documents\\career-disha-backend\\node_modules\\helmet\\index.cjs:531:6)',
  name: 'Error',
  route: '/api/v1/auth/register',
  method: 'OPTIONS',
  userId: undefined,
  timestamp: '2025-09-21 16:47:42',
  level: 'error'
}
{
  message: 'Application Error Not allowed by CORS',
  stack: 'Error: Not allowed by CORS\n' +
    '    at origin (C:\\Users\\Sahil\\Documents\\career-disha-backend\\src\\middlewares\\security.js:97:14)\n' +
    '    at C:\\Users\\Sahil\\Documents\\career-disha-backend\\node_modules\\cors\\lib\\index.js:219:13\n' +
    '    at optionsCallback (C:\\Users\\Sahil\\Documents\\career-disha-backend\\node_modules\\cors\\lib\\index.js:199:9)\n' +
    '    at corsMiddleware (C:\\Users\\Sahil\\Documents\\career-disha-backend\\node_modules\\cors\\lib\\index.js:204:7)\n' +
    '    at Layer.handleRequest (C:\\Users\\Sahil\\Documents\\career-disha-backend\\node_modules\\router\\lib\\layer.js:152:17)\n' +
    '    at trimPrefix (C:\\Users\\Sahil\\Documents\\career-disha-backend\\node_modules\\router\\index.js:342:13)\n' +
    '    at C:\\Users\\Sahil\\Documents\\career-disha-backend\\node_modules\\router\\index.js:297:9\n' +
    '    at processParams (C:\\Users\\Sahil\\Documents\\career-disha-backend\\node_modules\\router\\index.js:582:12)\n' +
    '    at next (C:\\Users\\Sahil\\Documents\\career-disha-backend\\node_modules\\router\\index.js:291:5)\n' +
    '    at internalNext (C:\\Users\\Sahil\\Documents\\career-disha-backend\\node_modules\\helmet\\index.cjs:531:6)',
  name: 'Error',
  route: '/api/v1/auth/login',
  method: 'OPTIONS',
  userId: undefined,
  timestamp: '2025-09-21 16:48:18',
  level: 'error'
}
{
  message: 'Application Error Not allowed by CORS',
  stack: 'Error: Not allowed by CORS\n' +
    '    at origin (C:\\Users\\Sahil\\Documents\\career-disha-backend\\src\\middlewares\\security.js:97:14)\n' +
    '    at C:\\Users\\Sahil\\Documents\\career-disha-backend\\node_modules\\cors\\lib\\index.js:219:13\n' +
    '    at optionsCallback (C:\\Users\\Sahil\\Documents\\career-disha-backend\\node_modules\\cors\\lib\\index.js:199:9)\n' +
    '    at corsMiddleware (C:\\Users\\Sahil\\Documents\\career-disha-backend\\node_modules\\cors\\lib\\index.js:204:7)\n' +
    '    at Layer.handleRequest (C:\\Users\\Sahil\\Documents\\career-disha-backend\\node_modules\\router\\lib\\layer.js:152:17)\n' +
    '    at trimPrefix (C:\\Users\\Sahil\\Documents\\career-disha-backend\\node_modules\\router\\index.js:342:13)\n' +
    '    at C:\\Users\\Sahil\\Documents\\career-disha-backend\\node_modules\\router\\index.js:297:9\n' +
    '    at processParams (C:\\Users\\Sahil\\Documents\\career-disha-backend\\node_modules\\router\\index.js:582:12)\n' +
    '    at next (C:\\Users\\Sahil\\Documents\\career-disha-backend\\node_modules\\router\\index.js:291:5)\n' +
    '    at internalNext (C:\\Users\\Sahil\\Documents\\career-disha-backend\\node_modules\\helmet\\index.cjs:531:6)',
  name: 'Error',
  route: '/api/v1/auth/register',
  method: 'OPTIONS',
  userId: undefined,
  timestamp: '2025-09-21 16:51:46',
  level: 'error'
}
{
  message: 'Application Error Not allowed by CORS',
  stack: 'Error: Not allowed by CORS\n' +
    '    at origin (C:\\Users\\Sahil\\Documents\\career-disha-backend\\src\\middlewares\\security.js:97:14)\n' +
    '    at C:\\Users\\Sahil\\Documents\\career-disha-backend\\node_modules\\cors\\lib\\index.js:219:13\n' +
    '    at optionsCallback (C:\\Users\\Sahil\\Documents\\career-disha-backend\\node_modules\\cors\\lib\\index.js:199:9)\n' +
    '    at corsMiddleware (C:\\Users\\Sahil\\Documents\\career-disha-backend\\node_modules\\cors\\lib\\index.js:204:7)\n' +
    '    at Layer.handleRequest (C:\\Users\\Sahil\\Documents\\career-disha-backend\\node_modules\\router\\lib\\layer.js:152:17)\n' +
    '    at trimPrefix (C:\\Users\\Sahil\\Documents\\career-disha-backend\\node_modules\\router\\index.js:342:13)\n' +
    '    at C:\\Users\\Sahil\\Documents\\career-disha-backend\\node_modules\\router\\index.js:297:9\n' +
    '    at processParams (C:\\Users\\Sahil\\Documents\\career-disha-backend\\node_modules\\router\\index.js:582:12)\n' +
    '    at next (C:\\Users\\Sahil\\Documents\\career-disha-backend\\node_modules\\router\\index.js:291:5)\n' +
    '    at internalNext (C:\\Users\\Sahil\\Documents\\career-disha-backend\\node_modules\\helmet\\index.cjs:531:6)',
  name: 'Error',
  route: '/api/v1/auth/register',
  method: 'OPTIONS',
  userId: undefined,
  timestamp: '2025-09-21 16:54:16',
  level: 'error'
}
