{
  method: 'POST',
  url: '/api/v1/auth/register',
  ip: '::ffff:127.0.0.1',
  userAgent: 'Mozilla/5.0 (Windows NT 10.0; Win64; x64) AppleWebKit/537.36 (KHTML, like Gecko) Chrome/140.0.0.0 Safari/537.36',
  userId: undefined,
  statusCode: 500,
  duration: 1020,
  timestamp: '2025-09-21 00:08:55',
  level: 'http',
  message: 'API Request'
}
{
  method: 'GET',
  url: '/api/docs/',
  ip: '::1',
  userAgent: 'Mozilla/5.0 (Windows NT 10.0; Win64; x64) AppleWebKit/537.36 (KHTML, like Gecko) Chrome/140.0.0.0 Safari/537.36',
  userId: undefined,
  statusCode: 304,
  duration: 12,
  timestamp: '2025-09-21 00:21:41',
  level: 'http',
  message: 'API Request'
}
{
  method: 'GET',
  url: '/api/docs/swagger-ui.css',
  ip: '::1',
  userAgent: 'Mozilla/5.0 (Windows NT 10.0; Win64; x64) AppleWebKit/537.36 (KHTML, like Gecko) Chrome/140.0.0.0 Safari/537.36',
  userId: undefined,
  statusCode: 304,
  duration: 5,
  timestamp: '2025-09-21 00:21:41',
  level: 'http',
  message: 'API Request'
}
{
  method: 'GET',
  url: '/api/docs/swagger-ui-bundle.js',
  ip: '::1',
  userAgent: 'Mozilla/5.0 (Windows NT 10.0; Win64; x64) AppleWebKit/537.36 (KHTML, like Gecko) Chrome/140.0.0.0 Safari/537.36',
  userId: undefined,
  statusCode: 304,
  duration: 5,
  timestamp: '2025-09-21 00:21:41',
  level: 'http',
  message: 'API Request'
}
{
  method: 'GET',
  url: '/api/docs/swagger-ui-init.js',
  ip: '::1',
  userAgent: 'Mozilla/5.0 (Windows NT 10.0; Win64; x64) AppleWebKit/537.36 (KHTML, like Gecko) Chrome/140.0.0.0 Safari/537.36',
  userId: undefined,
  statusCode: 304,
  duration: 2,
  timestamp: '2025-09-21 00:21:41',
  level: 'http',
  message: 'API Request'
}
{
  method: 'GET',
  url: '/api/docs/swagger-ui-standalone-preset.js',
  ip: '::1',
  userAgent: 'Mozilla/5.0 (Windows NT 10.0; Win64; x64) AppleWebKit/537.36 (KHTML, like Gecko) Chrome/140.0.0.0 Safari/537.36',
  userId: undefined,
  statusCode: 304,
  duration: 10,
  timestamp: '2025-09-21 00:21:41',
  level: 'http',
  message: 'API Request'
}
{
  method: 'GET',
  url: '/api/docs/favicon-32x32.png',
  ip: '::1',
  userAgent: 'Mozilla/5.0 (Windows NT 10.0; Win64; x64) AppleWebKit/537.36 (KHTML, like Gecko) Chrome/140.0.0.0 Safari/537.36',
  userId: undefined,
  statusCode: 304,
  duration: 5,
  timestamp: '2025-09-21 00:21:42',
  level: 'http',
  message: 'API Request'
}
{
  method: 'POST',
  url: '/api/v1/auth/register',
  ip: '::1',
  userAgent: 'Mozilla/5.0 (Windows NT 10.0; Win64; x64) AppleWebKit/537.36 (KHTML, like Gecko) Chrome/140.0.0.0 Safari/537.36',
  userId: undefined,
  statusCode: 500,
  duration: 267,
  timestamp: '2025-09-21 00:21:49',
  level: 'http',
  message: 'API Request'
}
{
  method: 'GET',
  url: '/',
  ip: '::1',
  userAgent: 'Mozilla/5.0 (Windows NT; Windows NT 10.0; en-US) WindowsPowerShell/5.1.26100.6584',
  userId: undefined,
  statusCode: 404,
  duration: 10,
  timestamp: '2025-09-21 00:24:26',
  level: 'http',
  message: 'API Request'
}
{
  method: 'GET',
  url: '/',
  ip: '::1',
  userAgent: 'Mozilla/5.0 (Windows NT; Windows NT 10.0; en-US) WindowsPowerShell/5.1.26100.6584',
  userId: undefined,
  statusCode: 200,
  duration: 30,
  timestamp: '2025-09-21 00:25:21',
  level: 'http',
  message: 'API Request'
}
{
  method: 'GET',
  url: '/api/docs/',
  ip: '::1',
  userAgent: 'Mozilla/5.0 (Windows NT 10.0; Win64; x64) AppleWebKit/537.36 (KHTML, like Gecko) Chrome/140.0.0.0 Safari/537.36',
  userId: undefined,
  statusCode: 304,
  duration: 10,
  timestamp: '2025-09-21 00:25:45',
  level: 'http',
  message: 'API Request'
}
{
  method: 'GET',
  url: '/api/docs/swagger-ui.css',
  ip: '::1',
  userAgent: 'Mozilla/5.0 (Windows NT 10.0; Win64; x64) AppleWebKit/537.36 (KHTML, like Gecko) Chrome/140.0.0.0 Safari/537.36',
  userId: undefined,
  statusCode: 304,
  duration: 4,
  timestamp: '2025-09-21 00:25:45',
  level: 'http',
  message: 'API Request'
}
{
  method: 'GET',
  url: '/api/docs/swagger-ui-bundle.js',
  ip: '::1',
  userAgent: 'Mozilla/5.0 (Windows NT 10.0; Win64; x64) AppleWebKit/537.36 (KHTML, like Gecko) Chrome/140.0.0.0 Safari/537.36',
  userId: undefined,
  statusCode: 304,
  duration: 5,
  timestamp: '2025-09-21 00:25:45',
  level: 'http',
  message: 'API Request'
}
{
  method: 'GET',
  url: '/api/docs/swagger-ui-init.js',
  ip: '::1',
  userAgent: 'Mozilla/5.0 (Windows NT 10.0; Win64; x64) AppleWebKit/537.36 (KHTML, like Gecko) Chrome/140.0.0.0 Safari/537.36',
  userId: undefined,
  statusCode: 304,
  duration: 1,
  timestamp: '2025-09-21 00:25:45',
  level: 'http',
  message: 'API Request'
}
{
  method: 'GET',
  url: '/api/docs/swagger-ui-standalone-preset.js',
  ip: '::1',
  userAgent: 'Mozilla/5.0 (Windows NT 10.0; Win64; x64) AppleWebKit/537.36 (KHTML, like Gecko) Chrome/140.0.0.0 Safari/537.36',
  userId: undefined,
  statusCode: 304,
  duration: 10,
  timestamp: '2025-09-21 00:25:45',
  level: 'http',
  message: 'API Request'
}
{
  method: 'GET',
  url: '/',
  ip: '::1',
  userAgent: 'Mozilla/5.0 (Windows NT 10.0; Win64; x64) AppleWebKit/537.36 (KHTML, like Gecko) Chrome/139.0.0.0 Safari/537.36',
  userId: undefined,
  statusCode: 200,
  duration: 59,
  timestamp: '2025-09-21 15:53:58',
  level: 'http',
  message: 'API Request'
}
{
  method: 'GET',
  url: '/favicon.ico',
  ip: '::1',
  userAgent: 'Mozilla/5.0 (Windows NT 10.0; Win64; x64) AppleWebKit/537.36 (KHTML, like Gecko) Chrome/139.0.0.0 Safari/537.36',
  userId: undefined,
  statusCode: 404,
  duration: 5,
  timestamp: '2025-09-21 15:53:58',
  level: 'http',
  message: 'API Request'
}
{
  method: 'GET',
  url: '/api/monitoring/health',
  ip: '::1',
  userAgent: 'Mozilla/5.0 (Windows NT 10.0; Win64; x64) AppleWebKit/537.36 (KHTML, like Gecko) Chrome/139.0.0.0 Safari/537.36',
  userId: undefined,
  statusCode: 200,
  duration: 27,
  timestamp: '2025-09-21 16:14:55',
  level: 'http',
  message: 'API Request'
}
{
  method: 'GET',
  url: '/api/v1',
  ip: '::1',
  userAgent: 'Mozilla/5.0 (Windows NT 10.0; Win64; x64) AppleWebKit/537.36 (KHTML, like Gecko) Chrome/139.0.0.0 Safari/537.36',
  userId: undefined,
  statusCode: 404,
  duration: 4,
  timestamp: '2025-09-21 16:15:46',
  level: 'http',
  message: 'API Request'
}
{
  method: 'GET',
  url: '/api/v1',
  ip: '::1',
  userAgent: 'Mozilla/5.0 (Windows NT 10.0; Win64; x64) AppleWebKit/537.36 (KHTML, like Gecko) Chrome/139.0.0.0 Safari/537.36',
  userId: undefined,
  statusCode: 404,
  duration: 2,
  timestamp: '2025-09-21 16:15:48',
  level: 'http',
  message: 'API Request'
}
{
  method: 'GET',
  url: '/api/v1',
  ip: '::1',
  userAgent: 'Mozilla/5.0 (Windows NT 10.0; Win64; x64) AppleWebKit/537.36 (KHTML, like Gecko) Chrome/139.0.0.0 Safari/537.36',
  userId: undefined,
  statusCode: 404,
  duration: 2,
  timestamp: '2025-09-21 16:16:35',
  level: 'http',
  message: 'API Request'
}
{
  method: 'GET',
  url: '/api/v1/auth',
  ip: '::1',
  userAgent: 'Mozilla/5.0 (Windows NT; Windows NT 10.0; en-IN) WindowsPowerShell/5.1.26100.6584',
  userId: undefined,
  statusCode: 404,
  duration: 1,
  timestamp: '2025-09-21 16:23:26',
  level: 'http',
  message: 'API Request'
}
{
  method: 'GET',
  url: '/api/v1/auth',
  ip: '::1',
  userAgent: 'Mozilla/5.0 (Windows NT; Windows NT 10.0; en-IN) WindowsPowerShell/5.1.26100.6584',
  userId: undefined,
  statusCode: 404,
  duration: 1,
  timestamp: '2025-09-21 16:23:32',
  level: 'http',
  message: 'API Request'
}
{
  method: 'GET',
  url: '/api/docs',
  ip: '::1',
  userAgent: 'Mozilla/5.0 (Windows NT; Windows NT 10.0; en-IN) WindowsPowerShell/5.1.26100.6584',
  userId: undefined,
  statusCode: 301,
  duration: 2,
  timestamp: '2025-09-21 16:23:48',
  level: 'http',
  message: 'API Request'
}
{
  method: 'GET',
  url: '/api/docs/',
  ip: '::1',
  userAgent: 'Mozilla/5.0 (Windows NT; Windows NT 10.0; en-IN) WindowsPowerShell/5.1.26100.6584',
  userId: undefined,
  statusCode: 200,
  duration: 2,
  timestamp: '2025-09-21 16:23:48',
  level: 'http',
  message: 'API Request'
}
{
  method: 'POST',
  url: '/api/v1/auth/register',
  ip: '::1',
  userAgent: 'Mozilla/5.0 (Windows NT; Windows NT 10.0; en-IN) WindowsPowerShell/5.1.26100.6584',
  userId: undefined,
  statusCode: 400,
  duration: 9,
  timestamp: '2025-09-21 16:29:27',
  level: 'http',
  message: 'API Request'
}
{
  method: 'GET',
  url: '/api/v1',
  ip: '::1',
  userAgent: 'Mozilla/5.0 (Windows NT; Windows NT 10.0; en-IN) WindowsPowerShell/5.1.26100.6584',
  userId: undefined,
  statusCode: 404,
  duration: 3,
  timestamp: '2025-09-21 16:30:02',
  level: 'http',
  message: 'API Request'
}
{
  method: 'POST',
  url: '/api/v1/auth/register',
  ip: '::1',
  userAgent: 'Mozilla/5.0 (Windows NT; Windows NT 10.0; en-IN) WindowsPowerShell/5.1.26100.6584',
  userId: undefined,
  statusCode: 500,
  duration: 4126,
  timestamp: '2025-09-21 16:30:39',
  level: 'http',
  message: 'API Request'
}
{
  method: 'POST',
  url: '/api/v1/auth/login',
  ip: '::1',
  userAgent: 'Mozilla/5.0 (Windows NT 10.0; Win64; x64) AppleWebKit/537.36 (KHTML, like Gecko) Chrome/140.0.0.0 Safari/537.36 Edg/140.0.0.0',
  userId: undefined,
  statusCode: 500,
  duration: 4186,
  timestamp: '2025-09-21 16:59:22',
  level: 'http',
  message: 'API Request'
}
{
  method: 'POST',
  url: '/api/v1/auth/register',
  ip: '::1',
  userAgent: 'Mozilla/5.0 (Windows NT 10.0; Win64; x64) AppleWebKit/537.36 (KHTML, like Gecko) Chrome/140.0.0.0 Safari/537.36 Edg/140.0.0.0',
  userId: undefined,
  statusCode: 500,
  duration: 4225,
  timestamp: '2025-09-21 17:00:26',
  level: 'http',
  message: 'API Request'
}
