{
  method: 'GET',
  url: '/api/docs',
  ip: '::1',
  userAgent: 'Mozilla/5.0 (Windows NT 10.0; Win64; x64) AppleWebKit/537.36 (KHTML, like Gecko) Chrome/140.0.0.0 Safari/537.36',
  userId: undefined,
  statusCode: 301,
  duration: 50,
  timestamp: '2025-09-17 02:50:10',
  level: 'http',
  message: 'API Request'
}
{
  method: 'GET',
  url: '/api/docs/',
  ip: '::1',
  userAgent: 'Mozilla/5.0 (Windows NT 10.0; Win64; x64) AppleWebKit/537.36 (KHTML, like Gecko) Chrome/140.0.0.0 Safari/537.36',
  userId: undefined,
  statusCode: 200,
  duration: 9,
  timestamp: '2025-09-17 02:50:10',
  level: 'http',
  message: 'API Request'
}
{
  method: 'GET',
  url: '/api/docs/swagger-ui-init.js',
  ip: '::1',
  userAgent: 'Mozilla/5.0 (Windows NT 10.0; Win64; x64) AppleWebKit/537.36 (KHTML, like Gecko) Chrome/140.0.0.0 Safari/537.36',
  userId: undefined,
  statusCode: 200,
  duration: 2,
  timestamp: '2025-09-17 02:50:10',
  level: 'http',
  message: 'API Request'
}
{
  method: 'GET',
  url: '/api/docs/swagger-ui.css',
  ip: '::1',
  userAgent: 'Mozilla/5.0 (Windows NT 10.0; Win64; x64) AppleWebKit/537.36 (KHTML, like Gecko) Chrome/140.0.0.0 Safari/537.36',
  userId: undefined,
  statusCode: 200,
  duration: 36,
  timestamp: '2025-09-17 02:50:10',
  level: 'http',
  message: 'API Request'
}
{
  method: 'GET',
  url: '/api/docs/swagger-ui-standalone-preset.js',
  ip: '::1',
  userAgent: 'Mozilla/5.0 (Windows NT 10.0; Win64; x64) AppleWebKit/537.36 (KHTML, like Gecko) Chrome/140.0.0.0 Safari/537.36',
  userId: undefined,
  statusCode: 200,
  duration: 34,
  timestamp: '2025-09-17 02:50:10',
  level: 'http',
  message: 'API Request'
}
{
  method: 'GET',
  url: '/api/docs/swagger-ui-bundle.js',
  ip: '::1',
  userAgent: 'Mozilla/5.0 (Windows NT 10.0; Win64; x64) AppleWebKit/537.36 (KHTML, like Gecko) Chrome/140.0.0.0 Safari/537.36',
  userId: undefined,
  statusCode: 200,
  duration: 47,
  timestamp: '2025-09-17 02:50:10',
  level: 'http',
  message: 'API Request'
}
{
  method: 'GET',
  url: '/api/docs/favicon-32x32.png',
  ip: '::1',
  userAgent: 'Mozilla/5.0 (Windows NT 10.0; Win64; x64) AppleWebKit/537.36 (KHTML, like Gecko) Chrome/140.0.0.0 Safari/537.36',
  userId: undefined,
  statusCode: 200,
  duration: 10,
  timestamp: '2025-09-17 02:50:11',
  level: 'http',
  message: 'API Request'
}
{
  method: 'GET',
  url: '/api/monitoring/summary',
  ip: '::1',
  userAgent: 'Mozilla/5.0 (Windows NT 10.0; Win64; x64) AppleWebKit/537.36 (KHTML, like Gecko) Chrome/140.0.0.0 Safari/537.36',
  userId: undefined,
  statusCode: 401,
  duration: 5,
  timestamp: '2025-09-17 02:50:49',
  level: 'http',
  message: 'API Request'
}
{
  method: 'GET',
  url: '/favicon.ico',
  ip: '::1',
  userAgent: 'Mozilla/5.0 (Windows NT 10.0; Win64; x64) AppleWebKit/537.36 (KHTML, like Gecko) Chrome/140.0.0.0 Safari/537.36',
  userId: undefined,
  statusCode: 404,
  duration: 3,
  timestamp: '2025-09-17 02:50:50',
  level: 'http',
  message: 'API Request'
}
{
  method: 'POST',
  url: '/api/v1/auth/register',
  ip: '::1',
  userAgent: 'Mozilla/5.0 (Windows NT 10.0; Win64; x64) AppleWebKit/537.36 (KHTML, like Gecko) Chrome/140.0.0.0 Safari/537.36',
  userId: undefined,
  statusCode: 500,
  duration: 240,
  timestamp: '2025-09-17 02:53:55',
  level: 'http',
  message: 'API Request'
}
{
  method: 'POST',
  url: '/api/v1/auth/register',
  ip: '::1',
  userAgent: 'Mozilla/5.0 (Windows NT 10.0; Win64; x64) AppleWebKit/537.36 (KHTML, like Gecko) Chrome/140.0.0.0 Safari/537.36',
  userId: undefined,
  statusCode: 500,
  duration: 445,
  timestamp: '2025-09-17 03:01:24',
  level: 'http',
  message: 'API Request'
}
{
  method: 'GET',
  url: '/',
  ip: '::1',
  userAgent: 'Mozilla/5.0 (Windows NT 10.0; Win64; x64) AppleWebKit/537.36 (KHTML, like Gecko) Chrome/140.0.0.0 Safari/537.36',
  userId: undefined,
  statusCode: 404,
  duration: 21,
  timestamp: '2025-09-17 10:39:15',
  level: 'http',
  message: 'API Request'
}
{
  method: 'GET',
  url: '/api/docs/',
  ip: '::1',
  userAgent: 'Mozilla/5.0 (Windows NT 10.0; Win64; x64) AppleWebKit/537.36 (KHTML, like Gecko) Chrome/140.0.0.0 Safari/537.36',
  userId: undefined,
  statusCode: 304,
  duration: 6,
  timestamp: '2025-09-17 10:39:23',
  level: 'http',
  message: 'API Request'
}
{
  method: 'GET',
  url: '/api/docs/swagger-ui-init.js',
  ip: '::1',
  userAgent: 'Mozilla/5.0 (Windows NT 10.0; Win64; x64) AppleWebKit/537.36 (KHTML, like Gecko) Chrome/140.0.0.0 Safari/537.36',
  userId: undefined,
  statusCode: 304,
  duration: 0,
  timestamp: '2025-09-17 10:39:23',
  level: 'http',
  message: 'API Request'
}
{
  method: 'GET',
  url: '/api/docs/swagger-ui.css',
  ip: '::1',
  userAgent: 'Mozilla/5.0 (Windows NT 10.0; Win64; x64) AppleWebKit/537.36 (KHTML, like Gecko) Chrome/140.0.0.0 Safari/537.36',
  userId: undefined,
  statusCode: 304,
  duration: 7,
  timestamp: '2025-09-17 10:39:23',
  level: 'http',
  message: 'API Request'
}
{
  method: 'GET',
  url: '/api/docs/swagger-ui-standalone-preset.js',
  ip: '::1',
  userAgent: 'Mozilla/5.0 (Windows NT 10.0; Win64; x64) AppleWebKit/537.36 (KHTML, like Gecko) Chrome/140.0.0.0 Safari/537.36',
  userId: undefined,
  statusCode: 304,
  duration: 7,
  timestamp: '2025-09-17 10:39:23',
  level: 'http',
  message: 'API Request'
}
{
  method: 'GET',
  url: '/api/docs/swagger-ui-bundle.js',
  ip: '::1',
  userAgent: 'Mozilla/5.0 (Windows NT 10.0; Win64; x64) AppleWebKit/537.36 (KHTML, like Gecko) Chrome/140.0.0.0 Safari/537.36',
  userId: undefined,
  statusCode: 304,
  duration: 8,
  timestamp: '2025-09-17 10:39:23',
  level: 'http',
  message: 'API Request'
}
{
  method: 'POST',
  url: '/api/v1/auth/register',
  ip: '::1',
  userAgent: 'Mozilla/5.0 (Windows NT 10.0; Win64; x64) AppleWebKit/537.36 (KHTML, like Gecko) Chrome/140.0.0.0 Safari/537.36',
  userId: undefined,
  statusCode: 500,
  duration: 216,
  timestamp: '2025-09-17 10:41:38',
  level: 'http',
  message: 'API Request'
}
{
  method: 'POST',
  url: '/api/v1/auth/register',
  ip: '::1',
  userAgent: 'Mozilla/5.0 (Windows NT 10.0; Win64; x64) AppleWebKit/537.36 (KHTML, like Gecko) Chrome/140.0.0.0 Safari/537.36',
  userId: undefined,
  statusCode: 500,
  duration: 87,
  timestamp: '2025-09-17 10:41:41',
  level: 'http',
  message: 'API Request'
}
{
  method: 'GET',
  url: '/api/docs/',
  ip: '::1',
  userAgent: 'Mozilla/5.0 (Windows NT 10.0; Win64; x64) AppleWebKit/537.36 (KHTML, like Gecko) Chrome/140.0.0.0 Safari/537.36',
  userId: undefined,
  statusCode: 304,
  duration: 22,
  timestamp: '2025-09-17 11:28:01',
  level: 'http',
  message: 'API Request'
}
{
  method: 'GET',
  url: '/api/docs/swagger-ui.css',
  ip: '::1',
  userAgent: 'Mozilla/5.0 (Windows NT 10.0; Win64; x64) AppleWebKit/537.36 (KHTML, like Gecko) Chrome/140.0.0.0 Safari/537.36',
  userId: undefined,
  statusCode: 304,
  duration: 6,
  timestamp: '2025-09-17 11:28:01',
  level: 'http',
  message: 'API Request'
}
{
  method: 'GET',
  url: '/api/docs/swagger-ui-bundle.js',
  ip: '::1',
  userAgent: 'Mozilla/5.0 (Windows NT 10.0; Win64; x64) AppleWebKit/537.36 (KHTML, like Gecko) Chrome/140.0.0.0 Safari/537.36',
  userId: undefined,
  statusCode: 304,
  duration: 5,
  timestamp: '2025-09-17 11:28:01',
  level: 'http',
  message: 'API Request'
}
{
  method: 'GET',
  url: '/api/docs/swagger-ui-standalone-preset.js',
  ip: '::1',
  userAgent: 'Mozilla/5.0 (Windows NT 10.0; Win64; x64) AppleWebKit/537.36 (KHTML, like Gecko) Chrome/140.0.0.0 Safari/537.36',
  userId: undefined,
  statusCode: 304,
  duration: 5,
  timestamp: '2025-09-17 11:28:01',
  level: 'http',
  message: 'API Request'
}
{
  method: 'GET',
  url: '/api/docs/swagger-ui-init.js',
  ip: '::1',
  userAgent: 'Mozilla/5.0 (Windows NT 10.0; Win64; x64) AppleWebKit/537.36 (KHTML, like Gecko) Chrome/140.0.0.0 Safari/537.36',
  userId: undefined,
  statusCode: 304,
  duration: 1,
  timestamp: '2025-09-17 11:28:01',
  level: 'http',
  message: 'API Request'
}
{
  method: 'POST',
  url: '/api/v1/auth/register',
  ip: '::1',
  userAgent: 'Mozilla/5.0 (Windows NT 10.0; Win64; x64) AppleWebKit/537.36 (KHTML, like Gecko) Chrome/140.0.0.0 Safari/537.36',
  userId: undefined,
  statusCode: 500,
  duration: 286,
  timestamp: '2025-09-17 11:28:07',
  level: 'http',
  message: 'API Request'
}
{
  method: 'POST',
  url: '/api/v1/auth/register',
  ip: '::1',
  userAgent: 'Mozilla/5.0 (Windows NT 10.0; Win64; x64) AppleWebKit/537.36 (KHTML, like Gecko) Chrome/140.0.0.0 Safari/537.36',
  userId: undefined,
  statusCode: 500,
  duration: 120,
  timestamp: '2025-09-17 11:28:11',
  level: 'http',
  message: 'API Request'
}
{
  method: 'POST',
  url: '/api/v1/auth/login',
  ip: '::1',
  userAgent: 'Mozilla/5.0 (Windows NT 10.0; Win64; x64) AppleWebKit/537.36 (KHTML, like Gecko) Chrome/140.0.0.0 Safari/537.36',
  userId: undefined,
  statusCode: 401,
  duration: 3,
  timestamp: '2025-09-17 11:28:18',
  level: 'http',
  message: 'API Request'
}
{
  method: 'POST',
  url: '/api/v1/auth/login',
  ip: '::1',
  userAgent: 'Mozilla/5.0 (Windows NT 10.0; Win64; x64) AppleWebKit/537.36 (KHTML, like Gecko) Chrome/140.0.0.0 Safari/537.36',
  userId: undefined,
  statusCode: 401,
  duration: 3,
  timestamp: '2025-09-17 11:28:20',
  level: 'http',
  message: 'API Request'
}
{
  method: 'POST',
  url: '/api/v1/auth/register',
  ip: '::1',
  userAgent: 'Mozilla/5.0 (Windows NT 10.0; Win64; x64) AppleWebKit/537.36 (KHTML, like Gecko) Chrome/140.0.0.0 Safari/537.36',
  userId: undefined,
  statusCode: 500,
  duration: 177,
  timestamp: '2025-09-17 11:31:51',
  level: 'http',
  message: 'API Request'
}
{
  method: 'GET',
  url: '/',
  ip: '::1',
  userAgent: 'Mozilla/5.0 (Windows NT 10.0; Win64; x64) AppleWebKit/537.36 (KHTML, like Gecko) Chrome/140.0.0.0 Safari/537.36',
  userId: undefined,
  statusCode: 404,
  duration: 16,
  timestamp: '2025-09-17 12:20:45',
  level: 'http',
  message: 'API Request'
}
{
  method: 'GET',
  url: '/api/docs',
  ip: '::1',
  userAgent: 'Mozilla/5.0 (Windows NT 10.0; Win64; x64) AppleWebKit/537.36 (KHTML, like Gecko) Chrome/140.0.0.0 Safari/537.36',
  userId: undefined,
  statusCode: 301,
  duration: 3,
  timestamp: '2025-09-17 12:20:48',
  level: 'http',
  message: 'API Request'
}
{
  method: 'GET',
  url: '/api/docs/',
  ip: '::1',
  userAgent: 'Mozilla/5.0 (Windows NT 10.0; Win64; x64) AppleWebKit/537.36 (KHTML, like Gecko) Chrome/140.0.0.0 Safari/537.36',
  userId: undefined,
  statusCode: 200,
  duration: 5,
  timestamp: '2025-09-17 12:20:48',
  level: 'http',
  message: 'API Request'
}
{
  method: 'GET',
  url: '/api/docs/swagger-ui-init.js',
  ip: '::1',
  userAgent: 'Mozilla/5.0 (Windows NT 10.0; Win64; x64) AppleWebKit/537.36 (KHTML, like Gecko) Chrome/140.0.0.0 Safari/537.36',
  userId: undefined,
  statusCode: 200,
  duration: 1,
  timestamp: '2025-09-17 12:20:48',
  level: 'http',
  message: 'API Request'
}
{
  method: 'GET',
  url: '/api/docs/swagger-ui.css',
  ip: '::1',
  userAgent: 'Mozilla/5.0 (Windows NT 10.0; Win64; x64) AppleWebKit/537.36 (KHTML, like Gecko) Chrome/140.0.0.0 Safari/537.36',
  userId: undefined,
  statusCode: 200,
  duration: 21,
  timestamp: '2025-09-17 12:20:48',
  level: 'http',
  message: 'API Request'
}
{
  method: 'GET',
  url: '/api/docs/swagger-ui-standalone-preset.js',
  ip: '::1',
  userAgent: 'Mozilla/5.0 (Windows NT 10.0; Win64; x64) AppleWebKit/537.36 (KHTML, like Gecko) Chrome/140.0.0.0 Safari/537.36',
  userId: undefined,
  statusCode: 200,
  duration: 19,
  timestamp: '2025-09-17 12:20:48',
  level: 'http',
  message: 'API Request'
}
{
  method: 'GET',
  url: '/api/docs/swagger-ui-bundle.js',
  ip: '::1',
  userAgent: 'Mozilla/5.0 (Windows NT 10.0; Win64; x64) AppleWebKit/537.36 (KHTML, like Gecko) Chrome/140.0.0.0 Safari/537.36',
  userId: undefined,
  statusCode: 200,
  duration: 38,
  timestamp: '2025-09-17 12:20:48',
  level: 'http',
  message: 'API Request'
}
{
  method: 'GET',
  url: '/api/docs/favicon-32x32.png',
  ip: '::1',
  userAgent: 'Mozilla/5.0 (Windows NT 10.0; Win64; x64) AppleWebKit/537.36 (KHTML, like Gecko) Chrome/140.0.0.0 Safari/537.36',
  userId: undefined,
  statusCode: 200,
  duration: 6,
  timestamp: '2025-09-17 12:20:49',
  level: 'http',
  message: 'API Request'
}
{
  method: 'POST',
  url: '/api/v1/auth/register',
  ip: '::1',
  userAgent: 'Mozilla/5.0 (Windows NT 10.0; Win64; x64) AppleWebKit/537.36 (KHTML, like Gecko) Chrome/140.0.0.0 Safari/537.36',
  userId: undefined,
  statusCode: 500,
  duration: 217,
  timestamp: '2025-09-17 12:20:58',
  level: 'http',
  message: 'API Request'
}
{
  method: 'POST',
  url: '/api/v1/auth/register',
  ip: '::1',
  userAgent: 'Mozilla/5.0 (Windows NT 10.0; Win64; x64) AppleWebKit/537.36 (KHTML, like Gecko) Chrome/140.0.0.0 Safari/537.36',
  userId: undefined,
  statusCode: 500,
  duration: 80,
  timestamp: '2025-09-17 12:21:02',
  level: 'http',
  message: 'API Request'
}
{
  method: 'POST',
  url: '/api/v1/auth/register',
  ip: '::1',
  userAgent: 'Mozilla/5.0 (Windows NT 10.0; Win64; x64) AppleWebKit/537.36 (KHTML, like Gecko) Chrome/140.0.0.0 Safari/537.36',
  userId: undefined,
  statusCode: 500,
  duration: 82,
  timestamp: '2025-09-17 12:21:03',
  level: 'http',
  message: 'API Request'
}
{
  method: 'GET',
  url: '/api/docs/',
  ip: '::1',
  userAgent: 'Mozilla/5.0 (Windows NT 10.0; Win64; x64) AppleWebKit/537.36 (KHTML, like Gecko) Chrome/140.0.0.0 Safari/537.36',
  userId: undefined,
  statusCode: 304,
  duration: 33,
  timestamp: '2025-09-17 12:39:32',
  level: 'http',
  message: 'API Request'
}
{
  method: 'GET',
  url: '/api/docs/swagger-ui-bundle.js',
  ip: '::1',
  userAgent: 'Mozilla/5.0 (Windows NT 10.0; Win64; x64) AppleWebKit/537.36 (KHTML, like Gecko) Chrome/140.0.0.0 Safari/537.36',
  userId: undefined,
  statusCode: 304,
  duration: 3,
  timestamp: '2025-09-17 12:39:32',
  level: 'http',
  message: 'API Request'
}
{
  method: 'GET',
  url: '/api/docs/swagger-ui-init.js',
  ip: '::1',
  userAgent: 'Mozilla/5.0 (Windows NT 10.0; Win64; x64) AppleWebKit/537.36 (KHTML, like Gecko) Chrome/140.0.0.0 Safari/537.36',
  userId: undefined,
  statusCode: 304,
  duration: 1,
  timestamp: '2025-09-17 12:39:32',
  level: 'http',
  message: 'API Request'
}
{
  method: 'GET',
  url: '/api/docs/swagger-ui.css',
  ip: '::1',
  userAgent: 'Mozilla/5.0 (Windows NT 10.0; Win64; x64) AppleWebKit/537.36 (KHTML, like Gecko) Chrome/140.0.0.0 Safari/537.36',
  userId: undefined,
  statusCode: 304,
  duration: 5,
  timestamp: '2025-09-17 12:39:32',
  level: 'http',
  message: 'API Request'
}
{
  method: 'GET',
  url: '/api/docs/swagger-ui-standalone-preset.js',
  ip: '::1',
  userAgent: 'Mozilla/5.0 (Windows NT 10.0; Win64; x64) AppleWebKit/537.36 (KHTML, like Gecko) Chrome/140.0.0.0 Safari/537.36',
  userId: undefined,
  statusCode: 304,
  duration: 5,
  timestamp: '2025-09-17 12:39:32',
  level: 'http',
  message: 'API Request'
}
{
  method: 'POST',
  url: '/api/v1/auth/register',
  ip: '::1',
  userAgent: 'Mozilla/5.0 (Windows NT 10.0; Win64; x64) AppleWebKit/537.36 (KHTML, like Gecko) Chrome/140.0.0.0 Safari/537.36',
  userId: undefined,
  statusCode: 500,
  duration: 630,
  timestamp: '2025-09-17 12:40:55',
  level: 'http',
  message: 'API Request'
}
{
  method: 'POST',
  url: '/api/v1/auth/register',
  ip: '::1',
  userAgent: 'Mozilla/5.0 (Windows NT 10.0; Win64; x64) AppleWebKit/537.36 (KHTML, like Gecko) Chrome/140.0.0.0 Safari/537.36',
  userId: undefined,
  statusCode: 201,
  duration: 318,
  timestamp: '2025-09-17 12:42:49',
  level: 'http',
  message: 'API Request'
}
{
  method: 'GET',
  url: '/api/v1/auth/profile',
  ip: '::1',
  userAgent: 'Mozilla/5.0 (Windows NT 10.0; Win64; x64) AppleWebKit/537.36 (KHTML, like Gecko) Chrome/140.0.0.0 Safari/537.36',
  userId: undefined,
  statusCode: 401,
  duration: 17,
  timestamp: '2025-09-17 13:00:15',
  level: 'http',
  message: 'API Request'
}
{
  method: 'GET',
  url: '/api/v1/auth/profile',
  ip: '::1',
  userAgent: 'Mozilla/5.0 (Windows NT 10.0; Win64; x64) AppleWebKit/537.36 (KHTML, like Gecko) Chrome/140.0.0.0 Safari/537.36',
  userId: undefined,
  statusCode: 401,
  duration: 2,
  timestamp: '2025-09-17 13:00:18',
  level: 'http',
  message: 'API Request'
}
{
  method: 'GET',
  url: '/api/docs/',
  ip: '::1',
  userAgent: 'Mozilla/5.0 (Windows NT 10.0; Win64; x64) AppleWebKit/537.36 (KHTML, like Gecko) Chrome/140.0.0.0 Safari/537.36',
  userId: undefined,
  statusCode: 304,
  duration: 20,
  timestamp: '2025-09-17 17:34:54',
  level: 'http',
  message: 'API Request'
}
{
  method: 'GET',
  url: '/api/docs/swagger-ui.css',
  ip: '::1',
  userAgent: 'Mozilla/5.0 (Windows NT 10.0; Win64; x64) AppleWebKit/537.36 (KHTML, like Gecko) Chrome/140.0.0.0 Safari/537.36',
  userId: undefined,
  statusCode: 304,
  duration: 7,
  timestamp: '2025-09-17 17:34:54',
  level: 'http',
  message: 'API Request'
}
{
  method: 'GET',
  url: '/api/docs/swagger-ui-bundle.js',
  ip: '::1',
  userAgent: 'Mozilla/5.0 (Windows NT 10.0; Win64; x64) AppleWebKit/537.36 (KHTML, like Gecko) Chrome/140.0.0.0 Safari/537.36',
  userId: undefined,
  statusCode: 304,
  duration: 6,
  timestamp: '2025-09-17 17:34:54',
  level: 'http',
  message: 'API Request'
}
{
  method: 'GET',
  url: '/api/docs/swagger-ui-standalone-preset.js',
  ip: '::1',
  userAgent: 'Mozilla/5.0 (Windows NT 10.0; Win64; x64) AppleWebKit/537.36 (KHTML, like Gecko) Chrome/140.0.0.0 Safari/537.36',
  userId: undefined,
  statusCode: 304,
  duration: 5,
  timestamp: '2025-09-17 17:34:54',
  level: 'http',
  message: 'API Request'
}
{
  method: 'GET',
  url: '/api/docs/swagger-ui-init.js',
  ip: '::1',
  userAgent: 'Mozilla/5.0 (Windows NT 10.0; Win64; x64) AppleWebKit/537.36 (KHTML, like Gecko) Chrome/140.0.0.0 Safari/537.36',
  userId: undefined,
  statusCode: 200,
  duration: 3,
  timestamp: '2025-09-17 17:34:54',
  level: 'http',
  message: 'API Request'
}
{
  method: 'POST',
  url: '/api/v1/auth/register',
  ip: '::1',
  userAgent: 'Mozilla/5.0 (Windows NT 10.0; Win64; x64) AppleWebKit/537.36 (KHTML, like Gecko) Chrome/140.0.0.0 Safari/537.36',
  userId: undefined,
  statusCode: 409,
  duration: 404,
  timestamp: '2025-09-17 17:35:07',
  level: 'http',
  message: 'API Request'
}
